<?xml version="1.0" encoding="UTF-8"?>
<testng-results ignored="0" total="2" passed="2" failed="0" skipped="0">
  <reporter-output>
  </reporter-output>
  <suite started-at="2023-01-21T01:01:48 EST" name="Default suite" finished-at="2023-01-21T01:01:50 EST" duration-ms="2590">
    <groups>
    </groups>
    <test started-at="2023-01-21T01:01:48 EST" name="Default test" finished-at="2023-01-21T01:01:50 EST" duration-ms="2590">
      <class name="tests_API.IntegrateUpdateCustomer">
        <test-method is-config="true" signature="setup()[pri:0, instance:tests_API.IntegrateUpdateCustomer@1cbbffcd]" started-at="2023-01-21T01:01:48 EST" name="setup" finished-at="2023-01-21T01:01:48 EST" duration-ms="386" status="PASS">
          <reporter-output>
          </reporter-output>
        </test-method> <!-- setup -->
        <test-method signature="verifyCustomerUpdate()[pri:0, instance:tests_API.IntegrateUpdateCustomer@1cbbffcd]" started-at="2023-01-21T01:01:48 EST" name="verifyCustomerUpdate" finished-at="2023-01-21T01:01:49 EST" duration-ms="729" status="PASS">
          <reporter-output>
          </reporter-output>
        </test-method> <!-- verifyCustomerUpdate -->
        <test-method is-config="true" signature="setup()[pri:0, instance:tests_API.IntegrateUpdateCustomer@1cbbffcd]" started-at="2023-01-21T01:01:49 EST" name="setup" finished-at="2023-01-21T01:01:49 EST" duration-ms="0" status="PASS">
          <reporter-output>
          </reporter-output>
        </test-method> <!-- setup -->
        <test-method signature="verifyStatusCode()[pri:0, instance:tests_API.IntegrateUpdateCustomer@1cbbffcd]" started-at="2023-01-21T01:01:49 EST" name="verifyStatusCode" finished-at="2023-01-21T01:01:50 EST" duration-ms="1433" status="PASS">
          <reporter-output>
          </reporter-output>
        </test-method> <!-- verifyStatusCode -->
      </class> <!-- tests_API.IntegrateUpdateCustomer -->
    </test> <!-- Default test -->
  </suite> <!-- Default suite -->
</testng-results>
